----------------------------------------------------------------------------------------------------------------------------------
      name:  log_5_vars_community_idhs17
       log:  D:\RESEARCH & WRITING\master thesis_child mortality\stata\log\5_vars_community_idhs17.log
  log type:  text
 opened on:  25 Jan 2022, 11:37:56

. 
. /*
> ================================================================================
> ********************************************************************************
> PROJECT:
> PENELITIAN TESIS
> HUBUNGAN ANTARA DEPRIVASI LINGKUNGAN RUMAH TANGGA DENGAN KEMATIAN BAYI DAN ANAK
> DI INDONESIA: BUKTI DARI MODEL LOGISTIK MULTILEVEL HAZARD DISKRIT
> 
> SYNTAX:
> 5-MEMBENTUK VARIABEL TINGKAT KOMUNITAS
> 
> PENULIS:
> ARI PURWANTO SARWO PRASOJO (2006500321)
> MAGISTER EKONOMI KEPENDUDUKAN DAN KETENAGAKERJAAN
> FAKULTAS EKONOMI DAN BISNIS, UNIVERSITAS INDONESIA
> 2022
> ********************************************************************************
> ================================================================================
> */
. 
. 
. 
. /*
> ================================================================================
> PENYIAPAN
> ================================================================================
> */
. 
. set maxvar 10000


. 
. *set the date
. loc date = c(current_date)

. loc time = c(current_time)

. loc time_date = "`date'" + "_" + "`time'"

. loc tag "`dfn'.do Ari Prasojo `time_date'"

. 
. *direktori dataset
. 
. *\dataset individu perempuan
. loc irdata              "dta\3-vars-women-`idhs'.dta"

. 
. *\dataset disimpan sebagai (nama)
. loc savenm              "dta\5-vars-community-`idhs'.dta"

. 
. 
. 
. /*
> ================================================================================
> INDIVIDU/PEREMPUAN
> ================================================================================
> */
. 
. clear all

. use "`irdata'"
(Variabel perempuan \ 25 Jan 2022_10:48:08)

. 
. /*
> ******************************************************************
> Variabel-variabel                                                                                       [done]
> ******************************************************************
> */
. 
. gen psu = v001

. 
. *\% perempuan yang menganggap jarak ke fasilitas kesehatan sulit
. bysort psu: egen pwdisthfac = mean(mdisthfac)

.         lab var pwdisthfac "Masalah aksesibilitas ke faskes"

. 
. *\kuintil
. xtile qpwdisthfac = pwdisthfac, nq(5)

.         lab var qpwdisthfac "Masalah aksesibilitas ke faskes"

.         lab def qpwdisthfac 1 "Kuintil 1"                                                               ///
>                                                 2 "Kuintil 2"                                                           ///
>                                                 3 "Kuintil 3"                                                           ///
>                                                 4 "Kuintil 4"                                                           ///
>                                                 5 "Kuintil 5"

.         lab val qpwdisthfac qpwdisthfac

.         tab qpwdisthfac, m

    Masalah |
aksesibilit |
      as ke |
     faskes |      Freq.     Percent        Cum.
------------+-----------------------------------
  Kuintil 1 |     10,063       20.28       20.28
  Kuintil 2 |      9,931       20.01       40.29
  Kuintil 3 |      9,817       19.78       60.07
  Kuintil 4 |     10,080       20.31       80.38
  Kuintil 5 |      9,736       19.62      100.00
------------+-----------------------------------
      Total |     49,627      100.00

. 
. *\pwdisthfac kategori
. recode qpwdisthfac (1/2 = 0 "Rendah")                                                           ///
>                                    (3/4 = 1 "Sedang")                                                           ///
>                                    (5 = 2 "Tinggi"), gen(pwdisthfac3c)
(49627 differences between qpwdisthfac and pwdisthfac3c)

.         lab var pwdisthfac3c "Masalah aksesibilitas ke faskes (kategorik)"

.         tab pwdisthfac3c, m

    Masalah |
aksesibilit |
      as ke |
     faskes |
(kategorik) |      Freq.     Percent        Cum.
------------+-----------------------------------
     Rendah |     19,994       40.29       40.29
     Sedang |     19,897       40.09       80.38
     Tinggi |      9,736       19.62      100.00
------------+-----------------------------------
      Total |     49,627      100.00

. 
. 
. 
. /*
> ================================================================================
> FINALISASI
> ================================================================================
> */
. 
. keep psu pwdisthfac qpwdisthfac pwdisthfac3c

. duplicates drop psu, force

Duplicates in terms of psu

(47,657 observations deleted)

. summ(pwdisthfac)

    Variable |        Obs        Mean    Std. dev.       Min        Max
-------------+---------------------------------------------------------
  pwdisthfac |      1,970    .1159021    .1322445          0          1

. 
. quietly compress

. datasignature set, reset
  1970:4(63797):1404980058:1332862376       (data signature reset)

. lab data "Variabel komunitas \ `time_date'"

. note: `idhs'-mortstudy-community.dta \ `tag'

. save "`savenm'", replace
file dta\5-vars-community-idhs17.dta saved

. 
. 
. *close log-file
. log close _all
      name:  log_5_vars_community_idhs17
       log:  D:\RESEARCH & WRITING\master thesis_child mortality\stata\log\5_vars_community_idhs17.log
  log type:  text
 closed on:  25 Jan 2022, 11:37:57
----------------------------------------------------------------------------------------------------------------------------------
